0 info it worked if it ends with ok
1 verbose cli [ '/Users/micahboyd/.nvm/versions/node/v6.6.0/bin/node',
1 verbose cli   '/Users/micahboyd/.nvm/versions/node/v6.6.0/bin/npm',
1 verbose cli   'start' ]
2 info using npm@3.10.3
3 info using node@v6.6.0
4 verbose run-script [ 'prestart', 'start', 'poststart' ]
5 info lifecycle wdiconf@1.0.0~prestart: wdiconf@1.0.0
6 silly lifecycle wdiconf@1.0.0~prestart: no script for prestart, continuing
7 info lifecycle wdiconf@1.0.0~start: wdiconf@1.0.0
8 verbose lifecycle wdiconf@1.0.0~start: unsafe-perm in lifecycle true
9 verbose lifecycle wdiconf@1.0.0~start: PATH: /Users/micahboyd/.nvm/versions/node/v6.6.0/lib/node_modules/npm/bin/node-gyp-bin:/Users/micahboyd/wdi/projects/conference/node_modules/.bin:/Users/micahboyd/.nvm/versions/node/v6.6.0/bin:/Users/micahboyd/.nvm/versions/node/v6.6.0/bin:/Users/micahboyd/.rvm/gems/ruby-2.3.1/bin:/Users/micahboyd/.rvm/gems/ruby-2.3.1@global/bin:/Users/micahboyd/.rvm/rubies/ruby-2.3.1/bin:/usr/local/bin:/usr/bin:/bin:/usr/sbin:/sbin:/Users/micahboyd/.rvm/bin:/Applications/Postgres.app/Contents/Versions/latest/bin
10 verbose lifecycle wdiconf@1.0.0~start: CWD: /Users/micahboyd/wdi/projects/conference
11 silly lifecycle wdiconf@1.0.0~start: Args: [ '-c', 'node app.js' ]
12 silly lifecycle wdiconf@1.0.0~start: Returned: code: 1  signal: null
13 info lifecycle wdiconf@1.0.0~start: Failed to exec start script
14 verbose stack Error: wdiconf@1.0.0 start: `node app.js`
14 verbose stack Exit status 1
14 verbose stack     at EventEmitter.<anonymous> (/Users/micahboyd/.nvm/versions/node/v6.6.0/lib/node_modules/npm/lib/utils/lifecycle.js:242:16)
14 verbose stack     at emitTwo (events.js:106:13)
14 verbose stack     at EventEmitter.emit (events.js:191:7)
14 verbose stack     at ChildProcess.<anonymous> (/Users/micahboyd/.nvm/versions/node/v6.6.0/lib/node_modules/npm/lib/utils/spawn.js:40:14)
14 verbose stack     at emitTwo (events.js:106:13)
14 verbose stack     at ChildProcess.emit (events.js:191:7)
14 verbose stack     at maybeClose (internal/child_process.js:877:16)
14 verbose stack     at Process.ChildProcess._handle.onexit (internal/child_process.js:226:5)
15 verbose pkgid wdiconf@1.0.0
16 verbose cwd /Users/micahboyd/wdi/projects/conference
17 error Darwin 15.6.0
18 error argv "/Users/micahboyd/.nvm/versions/node/v6.6.0/bin/node" "/Users/micahboyd/.nvm/versions/node/v6.6.0/bin/npm" "start"
19 error node v6.6.0
20 error npm  v3.10.3
21 error code ELIFECYCLE
22 error wdiconf@1.0.0 start: `node app.js`
22 error Exit status 1
23 error Failed at the wdiconf@1.0.0 start script 'node app.js'.
23 error Make sure you have the latest version of node.js and npm installed.
23 error If you do, this is most likely a problem with the wdiconf package,
23 error not with npm itself.
23 error Tell the author that this fails on your system:
23 error     node app.js
23 error You can get information on how to open an issue for this project with:
23 error     npm bugs wdiconf
23 error Or if that isn't available, you can get their info via:
23 error     npm owner ls wdiconf
23 error There is likely additional logging output above.
24 verbose exit [ 1, true ]
=======
1 verbose cli [ '/home/kerriebat/.nvm/versions/node/v6.6.0/bin/node',
1 verbose cli   '/home/kerriebat/.nvm/versions/node/v6.6.0/bin/npm',
1 verbose cli   'run',
1 verbose cli   'devs' ]
2 info using npm@3.10.3
3 info using node@v6.6.0
4 verbose stack Error: missing script: devs
4 verbose stack     at run (/home/kerriebat/.nvm/versions/node/v6.6.0/lib/node_modules/npm/lib/run-script.js:151:19)
4 verbose stack     at /home/kerriebat/.nvm/versions/node/v6.6.0/lib/node_modules/npm/lib/run-script.js:61:5
4 verbose stack     at /home/kerriebat/.nvm/versions/node/v6.6.0/lib/node_modules/npm/node_modules/read-package-json/read-json.js:356:5
4 verbose stack     at checkBinReferences_ (/home/kerriebat/.nvm/versions/node/v6.6.0/lib/node_modules/npm/node_modules/read-package-json/read-json.js:320:45)
4 verbose stack     at final (/home/kerriebat/.nvm/versions/node/v6.6.0/lib/node_modules/npm/node_modules/read-package-json/read-json.js:354:3)
4 verbose stack     at then (/home/kerriebat/.nvm/versions/node/v6.6.0/lib/node_modules/npm/node_modules/read-package-json/read-json.js:124:5)
4 verbose stack     at /home/kerriebat/.nvm/versions/node/v6.6.0/lib/node_modules/npm/node_modules/read-package-json/read-json.js:311:12
4 verbose stack     at /home/kerriebat/.nvm/versions/node/v6.6.0/lib/node_modules/npm/node_modules/graceful-fs/graceful-fs.js:78:16
4 verbose stack     at tryToString (fs.js:455:3)
4 verbose stack     at FSReqWrap.readFileAfterClose [as oncomplete] (fs.js:442:12)
5 verbose cwd /home/kerriebat/wdi/projects/wdiconf
6 error Linux 4.4.0-53-generic
7 error argv "/home/kerriebat/.nvm/versions/node/v6.6.0/bin/node" "/home/kerriebat/.nvm/versions/node/v6.6.0/bin/npm" "run" "devs"
8 error node v6.6.0
9 error npm  v3.10.3
10 error missing script: devs
11 error If you need help, you may report this error at:
11 error     <https://github.com/npm/npm/issues>
12 verbose exit [ 1, true ]
